{"/home/hamish/devacademy/week8/Food-Funeral/client/actions/post.js": {"path":"/home/hamish/devacademy/week8/Food-Funeral/client/actions/post.js","statementMap":{"0":{"start":{"line":1,"column":32},"end":{"line":1,"column":50}},"1":{"start":{"line":2,"column":32},"end":{"line":2,"column":50}},"2":{"start":{"line":3,"column":32},"end":{"line":3,"column":50}},"3":{"start":{"line":6,"column":30},"end":{"line":8,"column":2}},"4":{"start":{"line":6,"column":37},"end":{"line":8,"column":1}},"5":{"start":{"line":10,"column":30},"end":{"line":13,"column":2}},"6":{"start":{"line":10,"column":41},"end":{"line":13,"column":1}},"7":{"start":{"line":15,"column":30},"end":{"line":18,"column":2}},"8":{"start":{"line":15,"column":47},"end":{"line":18,"column":1}},"9":{"start":{"line":20,"column":23},"end":{"line":29,"column":1}},"10":{"start":{"line":20,"column":31},"end":{"line":29,"column":1}},"11":{"start":{"line":21,"column":2},"end":{"line":21,"column":28}},"12":{"start":{"line":22,"column":2},"end":{"line":28,"column":6}},"13":{"start":{"line":24,"column":6},"end":{"line":24,"column":36}},"14":{"start":{"line":27,"column":6},"end":{"line":27,"column":45}}},"fnMap":{"0":{"name":"(anonymous_0)","decl":{"start":{"line":6,"column":30},"end":{"line":6,"column":31}},"loc":{"start":{"line":6,"column":37},"end":{"line":8,"column":1}},"line":6},"1":{"name":"(anonymous_1)","decl":{"start":{"line":10,"column":30},"end":{"line":10,"column":31}},"loc":{"start":{"line":10,"column":41},"end":{"line":13,"column":1}},"line":10},"2":{"name":"(anonymous_2)","decl":{"start":{"line":15,"column":30},"end":{"line":15,"column":31}},"loc":{"start":{"line":15,"column":47},"end":{"line":18,"column":1}},"line":15},"3":{"name":"(anonymous_3)","decl":{"start":{"line":20,"column":23},"end":{"line":20,"column":24}},"loc":{"start":{"line":20,"column":31},"end":{"line":29,"column":1}},"line":20},"4":{"name":"(anonymous_4)","decl":{"start":{"line":20,"column":31},"end":{"line":20,"column":32}},"loc":{"start":{"line":20,"column":45},"end":{"line":29,"column":1}},"line":20},"5":{"name":"(anonymous_5)","decl":{"start":{"line":23,"column":10},"end":{"line":23,"column":11}},"loc":{"start":{"line":23,"column":20},"end":{"line":25,"column":5}},"line":23},"6":{"name":"(anonymous_6)","decl":{"start":{"line":26,"column":11},"end":{"line":26,"column":12}},"loc":{"start":{"line":26,"column":22},"end":{"line":28,"column":5}},"line":26}},"branchMap":{},"s":{"0":1,"1":1,"2":1,"3":1,"4":2,"5":1,"6":1,"7":1,"8":1,"9":1,"10":2,"11":2,"12":2,"13":1,"14":1},"f":{"0":2,"1":1,"2":1,"3":2,"4":2,"5":1,"6":1},"b":{},"_coverageSchema":"1a1c01bbd47fc00a2c39e90264f33305004495a9","hash":"b8a4cd7bbef0494e526e4d858653b621c51f9fd0"}
,"/home/hamish/devacademy/week8/Food-Funeral/client/actions/posts.js": {"path":"/home/hamish/devacademy/week8/Food-Funeral/client/actions/posts.js","statementMap":{"0":{"start":{"line":3,"column":33},"end":{"line":3,"column":52}},"1":{"start":{"line":4,"column":33},"end":{"line":4,"column":52}},"2":{"start":{"line":5,"column":33},"end":{"line":5,"column":52}},"3":{"start":{"line":8,"column":2},"end":{"line":10,"column":3}},"4":{"start":{"line":14,"column":2},"end":{"line":17,"column":3}},"5":{"start":{"line":21,"column":2},"end":{"line":24,"column":3}},"6":{"start":{"line":28,"column":2},"end":{"line":37,"column":3}},"7":{"start":{"line":29,"column":4},"end":{"line":29,"column":31}},"8":{"start":{"line":30,"column":4},"end":{"line":36,"column":8}},"9":{"start":{"line":32,"column":8},"end":{"line":32,"column":40}},"10":{"start":{"line":35,"column":8},"end":{"line":35,"column":46}}},"fnMap":{"0":{"name":"getPostsRequest","decl":{"start":{"line":7,"column":16},"end":{"line":7,"column":31}},"loc":{"start":{"line":7,"column":34},"end":{"line":11,"column":1}},"line":7},"1":{"name":"getPostsSuccess","decl":{"start":{"line":13,"column":16},"end":{"line":13,"column":31}},"loc":{"start":{"line":13,"column":39},"end":{"line":18,"column":1}},"line":13},"2":{"name":"getPostsFailure","decl":{"start":{"line":20,"column":16},"end":{"line":20,"column":31}},"loc":{"start":{"line":20,"column":44},"end":{"line":25,"column":1}},"line":20},"3":{"name":"fetchPosts","decl":{"start":{"line":27,"column":16},"end":{"line":27,"column":26}},"loc":{"start":{"line":27,"column":29},"end":{"line":38,"column":1}},"line":27},"4":{"name":"(anonymous_4)","decl":{"start":{"line":28,"column":9},"end":{"line":28,"column":10}},"loc":{"start":{"line":28,"column":23},"end":{"line":37,"column":3}},"line":28},"5":{"name":"(anonymous_5)","decl":{"start":{"line":31,"column":12},"end":{"line":31,"column":13}},"loc":{"start":{"line":31,"column":23},"end":{"line":33,"column":7}},"line":31},"6":{"name":"(anonymous_6)","decl":{"start":{"line":34,"column":13},"end":{"line":34,"column":14}},"loc":{"start":{"line":34,"column":22},"end":{"line":36,"column":7}},"line":34}},"branchMap":{},"s":{"0":1,"1":1,"2":1,"3":2,"4":1,"5":1,"6":2,"7":2,"8":2,"9":1,"10":1},"f":{"0":2,"1":1,"2":1,"3":2,"4":2,"5":1,"6":1},"b":{},"_coverageSchema":"1a1c01bbd47fc00a2c39e90264f33305004495a9","hash":"b29e403d2dbdfc05e2245ffd73a4951959ecc4ba"}
,"/home/hamish/devacademy/week8/Food-Funeral/client/apis/posts.js": {"path":"/home/hamish/devacademy/week8/Food-Funeral/client/apis/posts.js","statementMap":{"0":{"start":{"line":2,"column":16},"end":{"line":2,"column":25}},"1":{"start":{"line":5,"column":2},"end":{"line":10,"column":39}},"2":{"start":{"line":8,"column":6},"end":{"line":8,"column":21}},"3":{"start":{"line":10,"column":20},"end":{"line":10,"column":38}},"4":{"start":{"line":14,"column":2},"end":{"line":19,"column":39}},"5":{"start":{"line":17,"column":6},"end":{"line":17,"column":21}},"6":{"start":{"line":19,"column":20},"end":{"line":19,"column":38}}},"fnMap":{"0":{"name":"getPosts","decl":{"start":{"line":4,"column":16},"end":{"line":4,"column":24}},"loc":{"start":{"line":4,"column":27},"end":{"line":11,"column":1}},"line":4},"1":{"name":"(anonymous_1)","decl":{"start":{"line":7,"column":10},"end":{"line":7,"column":11}},"loc":{"start":{"line":7,"column":19},"end":{"line":9,"column":5}},"line":7},"2":{"name":"(anonymous_2)","decl":{"start":{"line":10,"column":11},"end":{"line":10,"column":12}},"loc":{"start":{"line":10,"column":20},"end":{"line":10,"column":38}},"line":10},"3":{"name":"getPostById","decl":{"start":{"line":13,"column":16},"end":{"line":13,"column":27}},"loc":{"start":{"line":13,"column":32},"end":{"line":20,"column":1}},"line":13},"4":{"name":"(anonymous_4)","decl":{"start":{"line":16,"column":10},"end":{"line":16,"column":11}},"loc":{"start":{"line":16,"column":19},"end":{"line":18,"column":5}},"line":16},"5":{"name":"(anonymous_5)","decl":{"start":{"line":19,"column":11},"end":{"line":19,"column":12}},"loc":{"start":{"line":19,"column":20},"end":{"line":19,"column":38}},"line":19}},"branchMap":{},"s":{"0":3,"1":1,"2":1,"3":0,"4":1,"5":1,"6":0},"f":{"0":1,"1":1,"2":0,"3":1,"4":1,"5":0},"b":{},"_coverageSchema":"1a1c01bbd47fc00a2c39e90264f33305004495a9","hash":"300ea9deb12665fc73d9fd4e596cd608caca4dc2"}
,"/home/hamish/devacademy/week8/Food-Funeral/server/server.js": {"path":"/home/hamish/devacademy/week8/Food-Funeral/server/server.js","statementMap":{"0":{"start":{"line":1,"column":16},"end":{"line":1,"column":34}},"1":{"start":{"line":2,"column":13},"end":{"line":2,"column":28}},"2":{"start":{"line":4,"column":19},"end":{"line":4,"column":44}},"3":{"start":{"line":6,"column":15},"end":{"line":6,"column":24}},"4":{"start":{"line":8,"column":0},"end":{"line":8,"column":26}},"5":{"start":{"line":9,"column":0},"end":{"line":9,"column":58}},"6":{"start":{"line":11,"column":0},"end":{"line":11,"column":39}},"7":{"start":{"line":13,"column":0},"end":{"line":13,"column":23}}},"fnMap":{},"branchMap":{},"s":{"0":1,"1":1,"2":1,"3":1,"4":1,"5":1,"6":1,"7":1},"f":{},"b":{},"_coverageSchema":"1a1c01bbd47fc00a2c39e90264f33305004495a9","hash":"83209642f32222dfe964801eefe67249d9754fb7"}
,"/home/hamish/devacademy/week8/Food-Funeral/server/db/connection.js": {"path":"/home/hamish/devacademy/week8/Food-Funeral/server/db/connection.js","statementMap":{"0":{"start":{"line":1,"column":13},"end":{"line":1,"column":28}},"1":{"start":{"line":2,"column":15},"end":{"line":2,"column":36}},"2":{"start":{"line":3,"column":12},"end":{"line":3,"column":49}},"3":{"start":{"line":4,"column":19},"end":{"line":4,"column":36}},"4":{"start":{"line":6,"column":0},"end":{"line":6,"column":27}}},"fnMap":{},"branchMap":{"0":{"loc":{"start":{"line":3,"column":12},"end":{"line":3,"column":49}},"type":"binary-expr","locations":[{"start":{"line":3,"column":12},"end":{"line":3,"column":32}},{"start":{"line":3,"column":36},"end":{"line":3,"column":49}}],"line":3}},"s":{"0":2,"1":2,"2":2,"3":2,"4":2},"f":{},"b":{"0":[2,0]},"_coverageSchema":"1a1c01bbd47fc00a2c39e90264f33305004495a9","hash":"33b3ea0e8b32243f097f9251c11e1c5feb2c0971"}
,"/home/hamish/devacademy/week8/Food-Funeral/server/db/index.js": {"path":"/home/hamish/devacademy/week8/Food-Funeral/server/db/index.js","statementMap":{"0":{"start":{"line":1,"column":19},"end":{"line":1,"column":42}},"1":{"start":{"line":4,"column":2},"end":{"line":4,"column":53}},"2":{"start":{"line":8,"column":2},"end":{"line":8,"column":29}},"3":{"start":{"line":12,"column":2},"end":{"line":12,"column":33}},"4":{"start":{"line":15,"column":0},"end":{"line":19,"column":1}}},"fnMap":{"0":{"name":"getPostById","decl":{"start":{"line":3,"column":9},"end":{"line":3,"column":20}},"loc":{"start":{"line":3,"column":42},"end":{"line":5,"column":1}},"line":3},"1":{"name":"getAllPosts","decl":{"start":{"line":7,"column":9},"end":{"line":7,"column":20}},"loc":{"start":{"line":7,"column":38},"end":{"line":9,"column":1}},"line":7},"2":{"name":"addPost","decl":{"start":{"line":11,"column":9},"end":{"line":11,"column":16}},"loc":{"start":{"line":11,"column":40},"end":{"line":13,"column":1}},"line":11}},"branchMap":{"0":{"loc":{"start":{"line":3,"column":25},"end":{"line":3,"column":40}},"type":"default-arg","locations":[{"start":{"line":3,"column":30},"end":{"line":3,"column":40}}],"line":3},"1":{"loc":{"start":{"line":7,"column":21},"end":{"line":7,"column":36}},"type":"default-arg","locations":[{"start":{"line":7,"column":26},"end":{"line":7,"column":36}}],"line":7},"2":{"loc":{"start":{"line":11,"column":23},"end":{"line":11,"column":38}},"type":"default-arg","locations":[{"start":{"line":11,"column":28},"end":{"line":11,"column":38}}],"line":11}},"s":{"0":2,"1":2,"2":1,"3":1,"4":2},"f":{"0":2,"1":1,"2":1},"b":{"0":[0],"1":[0],"2":[0]},"_coverageSchema":"1a1c01bbd47fc00a2c39e90264f33305004495a9","hash":"14acf10961619fdfbbc5b11896ce1216026a8155"}
,"/home/hamish/devacademy/week8/Food-Funeral/server/db/knexfile.js": {"path":"/home/hamish/devacademy/week8/Food-Funeral/server/db/knexfile.js","statementMap":{"0":{"start":{"line":1,"column":13},"end":{"line":1,"column":28}},"1":{"start":{"line":3,"column":0},"end":{"line":37,"column":1}}},"fnMap":{},"branchMap":{},"s":{"0":2,"1":2},"f":{},"b":{},"_coverageSchema":"1a1c01bbd47fc00a2c39e90264f33305004495a9","hash":"c8de55ec62e709ed631d913cb806dbed864b88ce"}
,"/home/hamish/devacademy/week8/Food-Funeral/server/db/migrations/20220921031858_posts.js": {"path":"/home/hamish/devacademy/week8/Food-Funeral/server/db/migrations/20220921031858_posts.js","statementMap":{"0":{"start":{"line":1,"column":0},"end":{"line":11,"column":1}},"1":{"start":{"line":2,"column":2},"end":{"line":10,"column":4}},"2":{"start":{"line":3,"column":4},"end":{"line":3,"column":26}},"3":{"start":{"line":4,"column":4},"end":{"line":4,"column":25}},"4":{"start":{"line":5,"column":4},"end":{"line":5,"column":28}},"5":{"start":{"line":6,"column":4},"end":{"line":6,"column":28}},"6":{"start":{"line":7,"column":4},"end":{"line":7,"column":23}},"7":{"start":{"line":8,"column":4},"end":{"line":8,"column":28}},"8":{"start":{"line":9,"column":4},"end":{"line":9,"column":30}},"9":{"start":{"line":13,"column":0},"end":{"line":15,"column":1}},"10":{"start":{"line":14,"column":2},"end":{"line":14,"column":39}}},"fnMap":{"0":{"name":"(anonymous_0)","decl":{"start":{"line":1,"column":13},"end":{"line":1,"column":14}},"loc":{"start":{"line":1,"column":29},"end":{"line":11,"column":1}},"line":1},"1":{"name":"(anonymous_1)","decl":{"start":{"line":2,"column":42},"end":{"line":2,"column":43}},"loc":{"start":{"line":2,"column":53},"end":{"line":10,"column":3}},"line":2},"2":{"name":"(anonymous_2)","decl":{"start":{"line":13,"column":15},"end":{"line":13,"column":16}},"loc":{"start":{"line":13,"column":31},"end":{"line":15,"column":1}},"line":13}},"branchMap":{},"s":{"0":1,"1":1,"2":1,"3":1,"4":1,"5":1,"6":1,"7":1,"8":1,"9":1,"10":0},"f":{"0":1,"1":1,"2":0},"b":{},"_coverageSchema":"1a1c01bbd47fc00a2c39e90264f33305004495a9","hash":"3e33519f2959f8da48aa02b027e57a532c27046e"}
,"/home/hamish/devacademy/week8/Food-Funeral/server/db/migrations/20220921032448_users.js": {"path":"/home/hamish/devacademy/week8/Food-Funeral/server/db/migrations/20220921032448_users.js","statementMap":{"0":{"start":{"line":1,"column":0},"end":{"line":6,"column":1}},"1":{"start":{"line":2,"column":2},"end":{"line":5,"column":4}},"2":{"start":{"line":3,"column":4},"end":{"line":3,"column":26}},"3":{"start":{"line":4,"column":4},"end":{"line":4,"column":29}},"4":{"start":{"line":8,"column":0},"end":{"line":10,"column":1}},"5":{"start":{"line":9,"column":2},"end":{"line":9,"column":39}}},"fnMap":{"0":{"name":"(anonymous_0)","decl":{"start":{"line":1,"column":13},"end":{"line":1,"column":14}},"loc":{"start":{"line":1,"column":29},"end":{"line":6,"column":1}},"line":1},"1":{"name":"(anonymous_1)","decl":{"start":{"line":2,"column":42},"end":{"line":2,"column":43}},"loc":{"start":{"line":2,"column":53},"end":{"line":5,"column":3}},"line":2},"2":{"name":"(anonymous_2)","decl":{"start":{"line":8,"column":15},"end":{"line":8,"column":16}},"loc":{"start":{"line":8,"column":31},"end":{"line":10,"column":1}},"line":8}},"branchMap":{},"s":{"0":1,"1":1,"2":1,"3":1,"4":1,"5":0},"f":{"0":1,"1":1,"2":0},"b":{},"_coverageSchema":"1a1c01bbd47fc00a2c39e90264f33305004495a9","hash":"ebdfc528f7b27f484c3c93b08e437c4ca808880f"}
,"/home/hamish/devacademy/week8/Food-Funeral/server/db/migrations/20220921032601_comments.js": {"path":"/home/hamish/devacademy/week8/Food-Funeral/server/db/migrations/20220921032601_comments.js","statementMap":{"0":{"start":{"line":1,"column":0},"end":{"line":9,"column":1}},"1":{"start":{"line":2,"column":2},"end":{"line":8,"column":4}},"2":{"start":{"line":3,"column":4},"end":{"line":3,"column":26}},"3":{"start":{"line":4,"column":4},"end":{"line":4,"column":28}},"4":{"start":{"line":5,"column":4},"end":{"line":5,"column":28}},"5":{"start":{"line":6,"column":4},"end":{"line":6,"column":28}},"6":{"start":{"line":7,"column":4},"end":{"line":7,"column":30}},"7":{"start":{"line":11,"column":0},"end":{"line":13,"column":1}},"8":{"start":{"line":12,"column":2},"end":{"line":12,"column":42}}},"fnMap":{"0":{"name":"(anonymous_0)","decl":{"start":{"line":1,"column":13},"end":{"line":1,"column":14}},"loc":{"start":{"line":1,"column":29},"end":{"line":9,"column":1}},"line":1},"1":{"name":"(anonymous_1)","decl":{"start":{"line":2,"column":45},"end":{"line":2,"column":46}},"loc":{"start":{"line":2,"column":56},"end":{"line":8,"column":3}},"line":2},"2":{"name":"(anonymous_2)","decl":{"start":{"line":11,"column":15},"end":{"line":11,"column":16}},"loc":{"start":{"line":11,"column":31},"end":{"line":13,"column":1}},"line":11}},"branchMap":{},"s":{"0":1,"1":1,"2":1,"3":1,"4":1,"5":1,"6":1,"7":1,"8":0},"f":{"0":1,"1":1,"2":0},"b":{},"_coverageSchema":"1a1c01bbd47fc00a2c39e90264f33305004495a9","hash":"62c146884459d490ae9987caff25aea1d7ec3be6"}
,"/home/hamish/devacademy/week8/Food-Funeral/server/db/seeds/comments.js": {"path":"/home/hamish/devacademy/week8/Food-Funeral/server/db/seeds/comments.js","statementMap":{"0":{"start":{"line":1,"column":0},"end":{"line":22,"column":1}},"1":{"start":{"line":2,"column":2},"end":{"line":21,"column":6}},"2":{"start":{"line":5,"column":6},"end":{"line":20,"column":8}}},"fnMap":{"0":{"name":"(anonymous_0)","decl":{"start":{"line":1,"column":15},"end":{"line":1,"column":16}},"loc":{"start":{"line":1,"column":31},"end":{"line":22,"column":1}},"line":1},"1":{"name":"(anonymous_1)","decl":{"start":{"line":4,"column":10},"end":{"line":4,"column":11}},"loc":{"start":{"line":4,"column":22},"end":{"line":21,"column":5}},"line":4}},"branchMap":{},"s":{"0":1,"1":3,"2":3},"f":{"0":3,"1":3},"b":{},"_coverageSchema":"1a1c01bbd47fc00a2c39e90264f33305004495a9","hash":"63ada9c1737f5a174248cd576751ad0b74efec39"}
,"/home/hamish/devacademy/week8/Food-Funeral/server/db/seeds/posts.js": {"path":"/home/hamish/devacademy/week8/Food-Funeral/server/db/seeds/posts.js","statementMap":{"0":{"start":{"line":1,"column":0},"end":{"line":37,"column":1}},"1":{"start":{"line":3,"column":2},"end":{"line":36,"column":6}},"2":{"start":{"line":7,"column":6},"end":{"line":35,"column":8}}},"fnMap":{"0":{"name":"(anonymous_0)","decl":{"start":{"line":1,"column":15},"end":{"line":1,"column":16}},"loc":{"start":{"line":1,"column":31},"end":{"line":37,"column":1}},"line":1},"1":{"name":"(anonymous_1)","decl":{"start":{"line":5,"column":10},"end":{"line":5,"column":11}},"loc":{"start":{"line":5,"column":22},"end":{"line":36,"column":5}},"line":5}},"branchMap":{},"s":{"0":1,"1":3,"2":3},"f":{"0":3,"1":3},"b":{},"_coverageSchema":"1a1c01bbd47fc00a2c39e90264f33305004495a9","hash":"f7dcaa0e6339f3494d8f8697cb38775f7fc96d91"}
,"/home/hamish/devacademy/week8/Food-Funeral/server/db/seeds/users.js": {"path":"/home/hamish/devacademy/week8/Food-Funeral/server/db/seeds/users.js","statementMap":{"0":{"start":{"line":1,"column":0},"end":{"line":11,"column":1}},"1":{"start":{"line":2,"column":2},"end":{"line":10,"column":6}},"2":{"start":{"line":5,"column":6},"end":{"line":9,"column":8}}},"fnMap":{"0":{"name":"(anonymous_0)","decl":{"start":{"line":1,"column":15},"end":{"line":1,"column":16}},"loc":{"start":{"line":1,"column":31},"end":{"line":11,"column":1}},"line":1},"1":{"name":"(anonymous_1)","decl":{"start":{"line":4,"column":10},"end":{"line":4,"column":11}},"loc":{"start":{"line":4,"column":22},"end":{"line":10,"column":5}},"line":4}},"branchMap":{},"s":{"0":1,"1":3,"2":3},"f":{"0":3,"1":3},"b":{},"_coverageSchema":"1a1c01bbd47fc00a2c39e90264f33305004495a9","hash":"41f96f980ad3e9f6628396d301ede21004033db8"}
,"/home/hamish/devacademy/week8/Food-Funeral/server/routes/posts.js": {"path":"/home/hamish/devacademy/week8/Food-Funeral/server/routes/posts.js","statementMap":{"0":{"start":{"line":1,"column":16},"end":{"line":1,"column":34}},"1":{"start":{"line":3,"column":11},"end":{"line":3,"column":33}},"2":{"start":{"line":5,"column":15},"end":{"line":5,"column":31}},"3":{"start":{"line":7,"column":0},"end":{"line":12,"column":2}},"4":{"start":{"line":8,"column":17},"end":{"line":8,"column":27}},"5":{"start":{"line":9,"column":2},"end":{"line":11,"column":54}},"6":{"start":{"line":10,"column":24},"end":{"line":10,"column":42}},"7":{"start":{"line":11,"column":20},"end":{"line":11,"column":53}},"8":{"start":{"line":14,"column":0},"end":{"line":24,"column":2}},"9":{"start":{"line":15,"column":2},"end":{"line":23,"column":6}},"10":{"start":{"line":17,"column":6},"end":{"line":17,"column":21}},"11":{"start":{"line":18,"column":6},"end":{"line":18,"column":17}},"12":{"start":{"line":21,"column":6},"end":{"line":21,"column":24}},"13":{"start":{"line":22,"column":6},"end":{"line":22,"column":63}},"14":{"start":{"line":26,"column":0},"end":{"line":38,"column":2}},"15":{"start":{"line":27,"column":15},"end":{"line":27,"column":23}},"16":{"start":{"line":28,"column":2},"end":{"line":37,"column":6}},"17":{"start":{"line":30,"column":6},"end":{"line":30,"column":34}},"18":{"start":{"line":33,"column":6},"end":{"line":33,"column":20}},"19":{"start":{"line":36,"column":6},"end":{"line":36,"column":39}},"20":{"start":{"line":40,"column":0},"end":{"line":40,"column":23}}},"fnMap":{"0":{"name":"(anonymous_0)","decl":{"start":{"line":7,"column":19},"end":{"line":7,"column":20}},"loc":{"start":{"line":7,"column":33},"end":{"line":12,"column":1}},"line":7},"1":{"name":"(anonymous_1)","decl":{"start":{"line":10,"column":10},"end":{"line":10,"column":11}},"loc":{"start":{"line":10,"column":24},"end":{"line":10,"column":42}},"line":10},"2":{"name":"(anonymous_2)","decl":{"start":{"line":11,"column":11},"end":{"line":11,"column":12}},"loc":{"start":{"line":11,"column":20},"end":{"line":11,"column":53}},"line":11},"3":{"name":"(anonymous_3)","decl":{"start":{"line":14,"column":16},"end":{"line":14,"column":17}},"loc":{"start":{"line":14,"column":30},"end":{"line":24,"column":1}},"line":14},"4":{"name":"(anonymous_4)","decl":{"start":{"line":16,"column":10},"end":{"line":16,"column":11}},"loc":{"start":{"line":16,"column":21},"end":{"line":19,"column":5}},"line":16},"5":{"name":"(anonymous_5)","decl":{"start":{"line":20,"column":11},"end":{"line":20,"column":12}},"loc":{"start":{"line":20,"column":20},"end":{"line":23,"column":5}},"line":20},"6":{"name":"(anonymous_6)","decl":{"start":{"line":26,"column":17},"end":{"line":26,"column":18}},"loc":{"start":{"line":26,"column":31},"end":{"line":38,"column":1}},"line":26},"7":{"name":"(anonymous_7)","decl":{"start":{"line":29,"column":10},"end":{"line":29,"column":11}},"loc":{"start":{"line":29,"column":18},"end":{"line":31,"column":5}},"line":29},"8":{"name":"(anonymous_8)","decl":{"start":{"line":32,"column":10},"end":{"line":32,"column":11}},"loc":{"start":{"line":32,"column":20},"end":{"line":34,"column":5}},"line":32},"9":{"name":"(anonymous_9)","decl":{"start":{"line":35,"column":11},"end":{"line":35,"column":12}},"loc":{"start":{"line":35,"column":20},"end":{"line":37,"column":5}},"line":35}},"branchMap":{},"s":{"0":1,"1":1,"2":1,"3":1,"4":2,"5":2,"6":1,"7":1,"8":1,"9":3,"10":1,"11":1,"12":2,"13":2,"14":1,"15":1,"16":1,"17":1,"18":1,"19":0,"20":1},"f":{"0":2,"1":1,"2":1,"3":3,"4":1,"5":2,"6":1,"7":1,"8":1,"9":0},"b":{},"_coverageSchema":"1a1c01bbd47fc00a2c39e90264f33305004495a9","hash":"9a4281f392396b0307ef62648d8aa6eff41c0547"}
}
