TN:
SF:client/actions/post.js
FN:6,(anonymous_0)
FN:10,(anonymous_1)
FN:15,(anonymous_2)
FN:20,(anonymous_3)
FN:20,(anonymous_4)
FN:23,(anonymous_5)
FN:26,(anonymous_6)
FNF:7
FNH:7
FNDA:2,(anonymous_0)
FNDA:1,(anonymous_1)
FNDA:1,(anonymous_2)
FNDA:2,(anonymous_3)
FNDA:2,(anonymous_4)
FNDA:1,(anonymous_5)
FNDA:1,(anonymous_6)
DA:1,1
DA:2,1
DA:3,1
DA:6,2
DA:10,1
DA:15,1
DA:20,2
DA:21,2
DA:22,2
DA:24,1
DA:27,1
LF:11
LH:11
BRF:0
BRH:0
end_of_record
TN:
SF:client/actions/posts.js
FN:7,getPostsRequest
FN:13,getPostsSuccess
FN:20,getPostsFailure
FN:27,fetchPosts
FN:28,(anonymous_4)
FN:31,(anonymous_5)
FN:34,(anonymous_6)
FNF:7
FNH:7
FNDA:2,getPostsRequest
FNDA:1,getPostsSuccess
FNDA:1,getPostsFailure
FNDA:2,fetchPosts
FNDA:2,(anonymous_4)
FNDA:1,(anonymous_5)
FNDA:1,(anonymous_6)
DA:3,1
DA:4,1
DA:5,1
DA:8,2
DA:14,1
DA:21,1
DA:28,2
DA:29,2
DA:30,2
DA:32,1
DA:35,1
LF:11
LH:11
BRF:0
BRH:0
end_of_record
TN:
SF:client/apis/posts.js
FN:4,getPosts
FN:7,(anonymous_1)
FN:10,(anonymous_2)
FN:13,getPostById
FN:16,(anonymous_4)
FN:19,(anonymous_5)
FN:22,addPost
FN:26,(anonymous_7)
FN:27,(anonymous_8)
FNF:9
FNH:9
FNDA:2,getPosts
FNDA:1,(anonymous_1)
FNDA:1,(anonymous_2)
FNDA:2,getPostById
FNDA:1,(anonymous_4)
FNDA:1,(anonymous_5)
FNDA:2,addPost
FNDA:1,(anonymous_7)
FNDA:1,(anonymous_8)
DA:2,3
DA:5,2
DA:8,1
DA:10,1
DA:14,2
DA:17,1
DA:19,1
DA:23,2
DA:26,1
DA:27,1
LF:10
LH:10
BRF:0
BRH:0
end_of_record
TN:
SF:server/server.js
FNF:0
FNH:0
DA:1,1
DA:2,1
DA:4,1
DA:6,1
DA:8,1
DA:9,1
DA:11,1
DA:13,1
LF:8
LH:8
BRF:0
BRH:0
end_of_record
TN:
SF:server/db/connection.js
FNF:0
FNH:0
DA:1,2
DA:2,2
DA:3,2
DA:4,2
DA:6,2
LF:5
LH:5
BRDA:3,0,0,2
BRDA:3,0,1,0
BRF:2
BRH:1
end_of_record
TN:
SF:server/db/index.js
FN:3,getPostById
FN:7,getAllPosts
FN:11,addPost
FNF:3
FNH:3
FNDA:2,getPostById
FNDA:1,getAllPosts
FNDA:1,addPost
DA:1,2
DA:4,2
DA:8,1
DA:12,1
DA:15,2
LF:5
LH:5
BRDA:3,0,0,0
BRDA:7,1,0,0
BRDA:11,2,0,0
BRF:3
BRH:0
end_of_record
TN:
SF:server/db/knexfile.js
FNF:0
FNH:0
DA:1,2
DA:3,2
LF:2
LH:2
BRF:0
BRH:0
end_of_record
TN:
SF:server/db/migrations/20220921031858_posts.js
FN:1,(anonymous_0)
FN:2,(anonymous_1)
FN:13,(anonymous_2)
FNF:3
FNH:2
FNDA:1,(anonymous_0)
FNDA:1,(anonymous_1)
FNDA:0,(anonymous_2)
DA:1,1
DA:2,1
DA:3,1
DA:4,1
DA:5,1
DA:6,1
DA:7,1
DA:8,1
DA:9,1
DA:13,1
DA:14,0
LF:11
LH:10
BRF:0
BRH:0
end_of_record
TN:
SF:server/db/migrations/20220921032448_users.js
FN:1,(anonymous_0)
FN:2,(anonymous_1)
FN:8,(anonymous_2)
FNF:3
FNH:2
FNDA:1,(anonymous_0)
FNDA:1,(anonymous_1)
FNDA:0,(anonymous_2)
DA:1,1
DA:2,1
DA:3,1
DA:4,1
DA:8,1
DA:9,0
LF:6
LH:5
BRF:0
BRH:0
end_of_record
TN:
SF:server/db/migrations/20220921032601_comments.js
FN:1,(anonymous_0)
FN:2,(anonymous_1)
FN:11,(anonymous_2)
FNF:3
FNH:2
FNDA:1,(anonymous_0)
FNDA:1,(anonymous_1)
FNDA:0,(anonymous_2)
DA:1,1
DA:2,1
DA:3,1
DA:4,1
DA:5,1
DA:6,1
DA:7,1
DA:11,1
DA:12,0
LF:9
LH:8
BRF:0
BRH:0
end_of_record
TN:
SF:server/db/seeds/comments.js
FN:1,(anonymous_0)
FN:4,(anonymous_1)
FNF:2
FNH:2
FNDA:3,(anonymous_0)
FNDA:3,(anonymous_1)
DA:1,1
DA:2,3
DA:5,3
LF:3
LH:3
BRF:0
BRH:0
end_of_record
TN:
SF:server/db/seeds/posts.js
FN:1,(anonymous_0)
FN:5,(anonymous_1)
FNF:2
FNH:2
FNDA:3,(anonymous_0)
FNDA:3,(anonymous_1)
DA:1,1
DA:3,3
DA:7,3
LF:3
LH:3
BRF:0
BRH:0
end_of_record
TN:
SF:server/db/seeds/users.js
FN:1,(anonymous_0)
FN:4,(anonymous_1)
FNF:2
FNH:2
FNDA:3,(anonymous_0)
FNDA:3,(anonymous_1)
DA:1,1
DA:2,3
DA:5,3
LF:3
LH:3
BRF:0
BRH:0
end_of_record
TN:
SF:server/routes/posts.js
FN:7,(anonymous_0)
FN:10,(anonymous_1)
FN:11,(anonymous_2)
FN:14,(anonymous_3)
FN:16,(anonymous_4)
FN:20,(anonymous_5)
FN:26,(anonymous_6)
FN:29,(anonymous_7)
FN:32,(anonymous_8)
FN:35,(anonymous_9)
FNF:10
FNH:9
FNDA:2,(anonymous_0)
FNDA:1,(anonymous_1)
FNDA:1,(anonymous_2)
FNDA:3,(anonymous_3)
FNDA:1,(anonymous_4)
FNDA:2,(anonymous_5)
FNDA:1,(anonymous_6)
FNDA:1,(anonymous_7)
FNDA:1,(anonymous_8)
FNDA:0,(anonymous_9)
DA:1,1
DA:3,1
DA:5,1
DA:7,1
DA:8,2
DA:9,2
DA:10,1
DA:11,1
DA:14,1
DA:15,3
DA:17,1
DA:18,1
DA:21,2
DA:22,2
DA:26,1
DA:27,1
DA:28,1
DA:30,1
DA:33,1
DA:36,0
DA:40,1
LF:21
LH:20
BRF:0
BRH:0
end_of_record
